<?xml version="1.0" encoding="UTF-8"?>
<!DOCTYPE coverage SYSTEM "https://raw.githubusercontent.com/cobertura/cobertura/master/cobertura/src/site/htdocs/xml/coverage-04.dtd">
<coverage line-rate="1" branch-rate="0" lines-covered="165" lines-valid="165" branches-covered="0" branches-valid="0" complexity="0" version="3.6.4" timestamp="2024-02-06 12:56:27.735636">
  <sources>
    <source>/__w/savvyr/savvyr/savvyr</source>
  </sources>
  <packages>
    <package name="savvyr" line-rate="1" branch-rate="0" complexity="0">
      <classes>
        <class name="aalen_johansen.R" filename="R/aalen_johansen.R" line-rate="1" branch-rate="0" complexity="0">
          <methods>
            <method name="aalen_johansen" signature="" line-rate="1" branch-rate="0" complexity="0">
              <lines>
                <line number="38" hits="4" branch="false"/>
                <line number="39" hits="4" branch="false"/>
                <line number="40" hits="4" branch="false"/>
                <line number="41" hits="4" branch="false"/>
                <line number="42" hits="4" branch="false"/>
                <line number="43" hits="4" branch="false"/>
                <line number="44" hits="4" branch="false"/>
                <line number="46" hits="4" branch="false"/>
                <line number="47" hits="4" branch="false"/>
                <line number="48" hits="4" branch="false"/>
                <line number="49" hits="4" branch="false"/>
                <line number="50" hits="4" branch="false"/>
                <line number="51" hits="4" branch="false"/>
                <line number="52" hits="4" branch="false"/>
                <line number="53" hits="4" branch="false"/>
                <line number="54" hits="4" branch="false"/>
                <line number="56" hits="4" branch="false"/>
                <line number="57" hits="4" branch="false"/>
                <line number="60" hits="4" branch="false"/>
                <line number="61" hits="4" branch="false"/>
                <line number="63" hits="4" branch="false"/>
                <line number="64" hits="2" branch="false"/>
                <line number="65" hits="2" branch="false"/>
                <line number="68" hits="4" branch="false"/>
                <line number="69" hits="2" branch="false"/>
                <line number="70" hits="2" branch="false"/>
                <line number="74" hits="4" branch="false"/>
                <line number="75" hits="4" branch="false"/>
                <line number="76" hits="4" branch="false"/>
                <line number="77" hits="4" branch="false"/>
                <line number="78" hits="4" branch="false"/>
                <line number="79" hits="4" branch="false"/>
                <line number="82" hits="4" branch="false"/>
                <line number="83" hits="1" branch="false"/>
                <line number="84" hits="1" branch="false"/>
                <line number="85" hits="1" branch="false"/>
                <line number="86" hits="1" branch="false"/>
                <line number="87" hits="1" branch="false"/>
                <line number="88" hits="1" branch="false"/>
                <line number="92" hits="4" branch="false"/>
                <line number="93" hits="1" branch="false"/>
                <line number="94" hits="1" branch="false"/>
                <line number="95" hits="1" branch="false"/>
                <line number="96" hits="1" branch="false"/>
                <line number="97" hits="1" branch="false"/>
                <line number="98" hits="1" branch="false"/>
                <line number="101" hits="4" branch="false"/>
                <line number="102" hits="1" branch="false"/>
                <line number="104" hits="1" branch="false"/>
                <line number="105" hits="1" branch="false"/>
                <line number="106" hits="1" branch="false"/>
                <line number="107" hits="1" branch="false"/>
                <line number="108" hits="1" branch="false"/>
                <line number="110" hits="1" branch="false"/>
                <line number="111" hits="1" branch="false"/>
                <line number="112" hits="1" branch="false"/>
                <line number="114" hits="1" branch="false"/>
                <line number="115" hits="1" branch="false"/>
                <line number="116" hits="1" branch="false"/>
                <line number="120" hits="4" branch="false"/>
                <line number="121" hits="4" branch="false"/>
                <line number="122" hits="4" branch="false"/>
                <line number="123" hits="4" branch="false"/>
                <line number="124" hits="4" branch="false"/>
                <line number="125" hits="4" branch="false"/>
              </lines>
            </method>
          </methods>
          <lines>
            <line number="38" hits="4" branch="false"/>
            <line number="39" hits="4" branch="false"/>
            <line number="40" hits="4" branch="false"/>
            <line number="41" hits="4" branch="false"/>
            <line number="42" hits="4" branch="false"/>
            <line number="43" hits="4" branch="false"/>
            <line number="44" hits="4" branch="false"/>
            <line number="46" hits="4" branch="false"/>
            <line number="47" hits="4" branch="false"/>
            <line number="48" hits="4" branch="false"/>
            <line number="49" hits="4" branch="false"/>
            <line number="50" hits="4" branch="false"/>
            <line number="51" hits="4" branch="false"/>
            <line number="52" hits="4" branch="false"/>
            <line number="53" hits="4" branch="false"/>
            <line number="54" hits="4" branch="false"/>
            <line number="56" hits="4" branch="false"/>
            <line number="57" hits="4" branch="false"/>
            <line number="60" hits="4" branch="false"/>
            <line number="61" hits="4" branch="false"/>
            <line number="63" hits="4" branch="false"/>
            <line number="64" hits="2" branch="false"/>
            <line number="65" hits="2" branch="false"/>
            <line number="68" hits="4" branch="false"/>
            <line number="69" hits="2" branch="false"/>
            <line number="70" hits="2" branch="false"/>
            <line number="74" hits="4" branch="false"/>
            <line number="75" hits="4" branch="false"/>
            <line number="76" hits="4" branch="false"/>
            <line number="77" hits="4" branch="false"/>
            <line number="78" hits="4" branch="false"/>
            <line number="79" hits="4" branch="false"/>
            <line number="82" hits="4" branch="false"/>
            <line number="83" hits="1" branch="false"/>
            <line number="84" hits="1" branch="false"/>
            <line number="85" hits="1" branch="false"/>
            <line number="86" hits="1" branch="false"/>
            <line number="87" hits="1" branch="false"/>
            <line number="88" hits="1" branch="false"/>
            <line number="92" hits="4" branch="false"/>
            <line number="93" hits="1" branch="false"/>
            <line number="94" hits="1" branch="false"/>
            <line number="95" hits="1" branch="false"/>
            <line number="96" hits="1" branch="false"/>
            <line number="97" hits="1" branch="false"/>
            <line number="98" hits="1" branch="false"/>
            <line number="101" hits="4" branch="false"/>
            <line number="102" hits="1" branch="false"/>
            <line number="104" hits="1" branch="false"/>
            <line number="105" hits="1" branch="false"/>
            <line number="106" hits="1" branch="false"/>
            <line number="107" hits="1" branch="false"/>
            <line number="108" hits="1" branch="false"/>
            <line number="110" hits="1" branch="false"/>
            <line number="111" hits="1" branch="false"/>
            <line number="112" hits="1" branch="false"/>
            <line number="114" hits="1" branch="false"/>
            <line number="115" hits="1" branch="false"/>
            <line number="116" hits="1" branch="false"/>
            <line number="120" hits="4" branch="false"/>
            <line number="121" hits="4" branch="false"/>
            <line number="122" hits="4" branch="false"/>
            <line number="123" hits="4" branch="false"/>
            <line number="124" hits="4" branch="false"/>
            <line number="125" hits="4" branch="false"/>
          </lines>
        </class>
        <class name="generate_data.R" filename="R/generate_data.R" line-rate="1" branch-rate="0" complexity="0">
          <methods>
            <method name="generate_data" signature="" line-rate="1" branch-rate="0" complexity="0">
              <lines>
                <line number="41" hits="10" branch="false"/>
                <line number="42" hits="10" branch="false"/>
                <line number="43" hits="10" branch="false"/>
                <line number="44" hits="10" branch="false"/>
                <line number="45" hits="10" branch="false"/>
                <line number="46" hits="10" branch="false"/>
                <line number="47" hits="10" branch="false"/>
                <line number="49" hits="10" branch="false"/>
                <line number="50" hits="10" branch="false"/>
                <line number="51" hits="10" branch="false"/>
                <line number="52" hits="10" branch="false"/>
                <line number="53" hits="10" branch="false"/>
                <line number="54" hits="10" branch="false"/>
                <line number="55" hits="10" branch="false"/>
                <line number="56" hits="10" branch="false"/>
                <line number="57" hits="10" branch="false"/>
                <line number="58" hits="10" branch="false"/>
                <line number="59" hits="10" branch="false"/>
                <line number="60" hits="10" branch="false"/>
                <line number="61" hits="10" branch="false"/>
                <line number="62" hits="10" branch="false"/>
                <line number="63" hits="10" branch="false"/>
                <line number="64" hits="10" branch="false"/>
                <line number="65" hits="10" branch="false"/>
                <line number="66" hits="10" branch="false"/>
                <line number="67" hits="10" branch="false"/>
                <line number="70" hits="10" branch="false"/>
              </lines>
            </method>
          </methods>
          <lines>
            <line number="41" hits="10" branch="false"/>
            <line number="42" hits="10" branch="false"/>
            <line number="43" hits="10" branch="false"/>
            <line number="44" hits="10" branch="false"/>
            <line number="45" hits="10" branch="false"/>
            <line number="46" hits="10" branch="false"/>
            <line number="47" hits="10" branch="false"/>
            <line number="49" hits="10" branch="false"/>
            <line number="50" hits="10" branch="false"/>
            <line number="51" hits="10" branch="false"/>
            <line number="52" hits="10" branch="false"/>
            <line number="53" hits="10" branch="false"/>
            <line number="54" hits="10" branch="false"/>
            <line number="55" hits="10" branch="false"/>
            <line number="56" hits="10" branch="false"/>
            <line number="57" hits="10" branch="false"/>
            <line number="58" hits="10" branch="false"/>
            <line number="59" hits="10" branch="false"/>
            <line number="60" hits="10" branch="false"/>
            <line number="61" hits="10" branch="false"/>
            <line number="62" hits="10" branch="false"/>
            <line number="63" hits="10" branch="false"/>
            <line number="64" hits="10" branch="false"/>
            <line number="65" hits="10" branch="false"/>
            <line number="66" hits="10" branch="false"/>
            <line number="67" hits="10" branch="false"/>
            <line number="70" hits="10" branch="false"/>
          </lines>
        </class>
        <class name="inc_prop.R" filename="R/inc_prop.R" line-rate="1" branch-rate="0" complexity="0">
          <methods>
            <method name="inc_prop" signature="" line-rate="1" branch-rate="0" complexity="0">
              <lines>
                <line number="32" hits="1" branch="false"/>
                <line number="33" hits="1" branch="false"/>
                <line number="34" hits="1" branch="false"/>
                <line number="35" hits="1" branch="false"/>
                <line number="36" hits="1" branch="false"/>
                <line number="37" hits="1" branch="false"/>
                <line number="39" hits="1" branch="false"/>
                <line number="40" hits="1" branch="false"/>
                <line number="41" hits="1" branch="false"/>
                <line number="43" hits="1" branch="false"/>
              </lines>
            </method>
          </methods>
          <lines>
            <line number="32" hits="1" branch="false"/>
            <line number="33" hits="1" branch="false"/>
            <line number="34" hits="1" branch="false"/>
            <line number="35" hits="1" branch="false"/>
            <line number="36" hits="1" branch="false"/>
            <line number="37" hits="1" branch="false"/>
            <line number="39" hits="1" branch="false"/>
            <line number="40" hits="1" branch="false"/>
            <line number="41" hits="1" branch="false"/>
            <line number="43" hits="1" branch="false"/>
          </lines>
        </class>
        <class name="one_minus_kaplan_meier.R" filename="R/one_minus_kaplan_meier.R" line-rate="1" branch-rate="0" complexity="0">
          <methods>
            <method name="one_minus_kaplan_meier" signature="" line-rate="1" branch-rate="0" complexity="0">
              <lines>
                <line number="32" hits="2" branch="false"/>
                <line number="33" hits="2" branch="false"/>
                <line number="34" hits="2" branch="false"/>
                <line number="35" hits="2" branch="false"/>
                <line number="36" hits="2" branch="false"/>
                <line number="37" hits="2" branch="false"/>
                <line number="39" hits="2" branch="false"/>
                <line number="40" hits="2" branch="false"/>
                <line number="41" hits="1" branch="false"/>
                <line number="42" hits="1" branch="false"/>
                <line number="44" hits="1" branch="false"/>
                <line number="45" hits="1" branch="false"/>
                <line number="46" hits="1" branch="false"/>
                <line number="47" hits="1" branch="false"/>
                <line number="49" hits="1" branch="false"/>
                <line number="50" hits="1" branch="false"/>
                <line number="51" hits="1" branch="false"/>
                <line number="53" hits="1" branch="false"/>
                <line number="54" hits="1" branch="false"/>
                <line number="55" hits="1" branch="false"/>
                <line number="56" hits="1" branch="false"/>
                <line number="57" hits="1" branch="false"/>
                <line number="58" hits="1" branch="false"/>
                <line number="61" hits="2" branch="false"/>
              </lines>
            </method>
          </methods>
          <lines>
            <line number="32" hits="2" branch="false"/>
            <line number="33" hits="2" branch="false"/>
            <line number="34" hits="2" branch="false"/>
            <line number="35" hits="2" branch="false"/>
            <line number="36" hits="2" branch="false"/>
            <line number="37" hits="2" branch="false"/>
            <line number="39" hits="2" branch="false"/>
            <line number="40" hits="2" branch="false"/>
            <line number="41" hits="1" branch="false"/>
            <line number="42" hits="1" branch="false"/>
            <line number="44" hits="1" branch="false"/>
            <line number="45" hits="1" branch="false"/>
            <line number="46" hits="1" branch="false"/>
            <line number="47" hits="1" branch="false"/>
            <line number="49" hits="1" branch="false"/>
            <line number="50" hits="1" branch="false"/>
            <line number="51" hits="1" branch="false"/>
            <line number="53" hits="1" branch="false"/>
            <line number="54" hits="1" branch="false"/>
            <line number="55" hits="1" branch="false"/>
            <line number="56" hits="1" branch="false"/>
            <line number="57" hits="1" branch="false"/>
            <line number="58" hits="1" branch="false"/>
            <line number="61" hits="2" branch="false"/>
          </lines>
        </class>
        <class name="prop_trans_inc_dens_ce.R" filename="R/prop_trans_inc_dens_ce.R" line-rate="1" branch-rate="0" complexity="0">
          <methods>
            <method name="prop_trans_inc_dens_ce" signature="" line-rate="1" branch-rate="0" complexity="0">
              <lines>
                <line number="36" hits="1" branch="false"/>
                <line number="37" hits="1" branch="false"/>
                <line number="38" hits="1" branch="false"/>
                <line number="39" hits="1" branch="false"/>
                <line number="40" hits="1" branch="false"/>
                <line number="41" hits="1" branch="false"/>
                <line number="42" hits="1" branch="false"/>
                <line number="44" hits="1" branch="false"/>
                <line number="45" hits="1" branch="false"/>
                <line number="46" hits="1" branch="false"/>
                <line number="48" hits="1" branch="false"/>
                <line number="49" hits="1" branch="false"/>
                <line number="51" hits="1" branch="false"/>
                <line number="53" hits="1" branch="false"/>
                <line number="55" hits="1" branch="false"/>
                <line number="56" hits="1" branch="false"/>
                <line number="58" hits="1" branch="false"/>
                <line number="60" hits="1" branch="false"/>
                <line number="61" hits="1" branch="false"/>
                <line number="62" hits="1" branch="false"/>
                <line number="63" hits="1" branch="false"/>
                <line number="65" hits="1" branch="false"/>
                <line number="66" hits="1" branch="false"/>
                <line number="67" hits="1" branch="false"/>
                <line number="69" hits="1" branch="false"/>
                <line number="71" hits="1" branch="false"/>
              </lines>
            </method>
          </methods>
          <lines>
            <line number="36" hits="1" branch="false"/>
            <line number="37" hits="1" branch="false"/>
            <line number="38" hits="1" branch="false"/>
            <line number="39" hits="1" branch="false"/>
            <line number="40" hits="1" branch="false"/>
            <line number="41" hits="1" branch="false"/>
            <line number="42" hits="1" branch="false"/>
            <line number="44" hits="1" branch="false"/>
            <line number="45" hits="1" branch="false"/>
            <line number="46" hits="1" branch="false"/>
            <line number="48" hits="1" branch="false"/>
            <line number="49" hits="1" branch="false"/>
            <line number="51" hits="1" branch="false"/>
            <line number="53" hits="1" branch="false"/>
            <line number="55" hits="1" branch="false"/>
            <line number="56" hits="1" branch="false"/>
            <line number="58" hits="1" branch="false"/>
            <line number="60" hits="1" branch="false"/>
            <line number="61" hits="1" branch="false"/>
            <line number="62" hits="1" branch="false"/>
            <line number="63" hits="1" branch="false"/>
            <line number="65" hits="1" branch="false"/>
            <line number="66" hits="1" branch="false"/>
            <line number="67" hits="1" branch="false"/>
            <line number="69" hits="1" branch="false"/>
            <line number="71" hits="1" branch="false"/>
          </lines>
        </class>
        <class name="prop_trans_inc_dens.R" filename="R/prop_trans_inc_dens.R" line-rate="1" branch-rate="0" complexity="0">
          <methods>
            <method name="prop_trans_inc_dens" signature="" line-rate="1" branch-rate="0" complexity="0">
              <lines>
                <line number="25" hits="1" branch="false"/>
                <line number="26" hits="1" branch="false"/>
                <line number="27" hits="1" branch="false"/>
                <line number="28" hits="1" branch="false"/>
                <line number="29" hits="1" branch="false"/>
                <line number="30" hits="1" branch="false"/>
                <line number="32" hits="1" branch="false"/>
                <line number="33" hits="1" branch="false"/>
                <line number="34" hits="1" branch="false"/>
                <line number="35" hits="1" branch="false"/>
                <line number="36" hits="1" branch="false"/>
                <line number="37" hits="1" branch="false"/>
                <line number="39" hits="1" branch="false"/>
              </lines>
            </method>
          </methods>
          <lines>
            <line number="25" hits="1" branch="false"/>
            <line number="26" hits="1" branch="false"/>
            <line number="27" hits="1" branch="false"/>
            <line number="28" hits="1" branch="false"/>
            <line number="29" hits="1" branch="false"/>
            <line number="30" hits="1" branch="false"/>
            <line number="32" hits="1" branch="false"/>
            <line number="33" hits="1" branch="false"/>
            <line number="34" hits="1" branch="false"/>
            <line number="35" hits="1" branch="false"/>
            <line number="36" hits="1" branch="false"/>
            <line number="37" hits="1" branch="false"/>
            <line number="39" hits="1" branch="false"/>
          </lines>
        </class>
      </classes>
    </package>
  </packages>
</coverage>
